ERROR - 2025-08-16 14:36:15 --> mysqli_sql_exception: Cannot truncate a table referenced in a foreign key constraint (`lms_galorpot`.`enrollments`, CONSTRAINT `enrollments_course_id_foreign` FOREIGN KEY (`course_id`) REFERENCES `lms_galorpot`.`courses` (`id`)) in F:\xammp\htdocs\ITE311-GALORPOT\system\Database\MySQLi\Connection.php:327
Stack trace:
#0 F:\xammp\htdocs\ITE311-GALORPOT\system\Database\MySQLi\Connection.php(327): mysqli->query('TRUNCATE `cours...', 0)
#1 F:\xammp\htdocs\ITE311-GALORPOT\system\Database\BaseConnection.php(729): CodeIgniter\Database\MySQLi\Connection->execute('TRUNCATE `cours...')
#2 F:\xammp\htdocs\ITE311-GALORPOT\system\Database\BaseConnection.php(646): CodeIgniter\Database\BaseConnection->simpleQuery('TRUNCATE `cours...')
#3 F:\xammp\htdocs\ITE311-GALORPOT\system\Database\BaseBuilder.php(2773): CodeIgniter\Database\BaseConnection->query('TRUNCATE `cours...', NULL, false)
#4 F:\xammp\htdocs\ITE311-GALORPOT\app\Database\Seeds\SampleDataSeeder.php(13): CodeIgniter\Database\BaseBuilder->truncate()
#5 F:\xammp\htdocs\ITE311-GALORPOT\system\Database\Seeder.php(149): App\Database\Seeds\SampleDataSeeder->run()
#6 F:\xammp\htdocs\ITE311-GALORPOT\system\Commands\Database\Seed.php(79): CodeIgniter\Database\Seeder->call('App\\Database\\Se...')
#7 F:\xammp\htdocs\ITE311-GALORPOT\system\CLI\Commands.php(74): CodeIgniter\Commands\Database\Seed->run(Array)
#8 F:\xammp\htdocs\ITE311-GALORPOT\system\CLI\Console.php(47): CodeIgniter\CLI\Commands->run('db:seed', Array)
#9 F:\xammp\htdocs\ITE311-GALORPOT\system\Boot.php(388): CodeIgniter\CLI\Console->run()
#10 F:\xammp\htdocs\ITE311-GALORPOT\system\Boot.php(133): CodeIgniter\Boot::runCommand(Object(CodeIgniter\CLI\Console))
#11 F:\xammp\htdocs\ITE311-GALORPOT\spark(87): CodeIgniter\Boot::bootSpark(Object(Config\Paths))
#12 {main}
ERROR - 2025-08-16 14:38:00 --> mysqli_sql_exception: Cannot add or update a child row: a foreign key constraint fails (`lms_galorpot`.`courses`, CONSTRAINT `courses_instructor_id_foreign` FOREIGN KEY (`instructor_id`) REFERENCES `users` (`id`) ON DELETE CASCADE ON UPDATE CASCADE) in F:\xammp\htdocs\ITE311-GALORPOT\system\Database\MySQLi\Connection.php:327
Stack trace:
#0 F:\xammp\htdocs\ITE311-GALORPOT\system\Database\MySQLi\Connection.php(327): mysqli->query('INSERT INTO `co...', 0)
#1 F:\xammp\htdocs\ITE311-GALORPOT\system\Database\BaseConnection.php(729): CodeIgniter\Database\MySQLi\Connection->execute('INSERT INTO `co...')
#2 F:\xammp\htdocs\ITE311-GALORPOT\system\Database\BaseConnection.php(646): CodeIgniter\Database\BaseConnection->simpleQuery('INSERT INTO `co...')
#3 F:\xammp\htdocs\ITE311-GALORPOT\system\Database\BaseBuilder.php(1841): CodeIgniter\Database\BaseConnection->query('INSERT INTO `co...', NULL, false)
#4 F:\xammp\htdocs\ITE311-GALORPOT\system\Database\BaseBuilder.php(2230): CodeIgniter\Database\BaseBuilder->batchExecute('_insertBatch', 100)
#5 F:\xammp\htdocs\ITE311-GALORPOT\app\Database\Seeds\SampleDataSeeder.php(156): CodeIgniter\Database\BaseBuilder->insertBatch(Array)
#6 F:\xammp\htdocs\ITE311-GALORPOT\system\Database\Seeder.php(149): App\Database\Seeds\SampleDataSeeder->run()
#7 F:\xammp\htdocs\ITE311-GALORPOT\system\Commands\Database\Seed.php(79): CodeIgniter\Database\Seeder->call('App\\Database\\Se...')
#8 F:\xammp\htdocs\ITE311-GALORPOT\system\CLI\Commands.php(74): CodeIgniter\Commands\Database\Seed->run(Array)
#9 F:\xammp\htdocs\ITE311-GALORPOT\system\CLI\Console.php(47): CodeIgniter\CLI\Commands->run('db:seed', Array)
#10 F:\xammp\htdocs\ITE311-GALORPOT\system\Boot.php(388): CodeIgniter\CLI\Console->run()
#11 F:\xammp\htdocs\ITE311-GALORPOT\system\Boot.php(133): CodeIgniter\Boot::runCommand(Object(CodeIgniter\CLI\Console))
#12 F:\xammp\htdocs\ITE311-GALORPOT\spark(87): CodeIgniter\Boot::bootSpark(Object(Config\Paths))
#13 {main}
ERROR - 2025-08-16 14:38:08 --> mysqli_sql_exception: Cannot add or update a child row: a foreign key constraint fails (`lms_galorpot`.`courses`, CONSTRAINT `courses_instructor_id_foreign` FOREIGN KEY (`instructor_id`) REFERENCES `users` (`id`) ON DELETE CASCADE ON UPDATE CASCADE) in F:\xammp\htdocs\ITE311-GALORPOT\system\Database\MySQLi\Connection.php:327
Stack trace:
#0 F:\xammp\htdocs\ITE311-GALORPOT\system\Database\MySQLi\Connection.php(327): mysqli->query('INSERT INTO `co...', 0)
#1 F:\xammp\htdocs\ITE311-GALORPOT\system\Database\BaseConnection.php(729): CodeIgniter\Database\MySQLi\Connection->execute('INSERT INTO `co...')
#2 F:\xammp\htdocs\ITE311-GALORPOT\system\Database\BaseConnection.php(646): CodeIgniter\Database\BaseConnection->simpleQuery('INSERT INTO `co...')
#3 F:\xammp\htdocs\ITE311-GALORPOT\system\Database\BaseBuilder.php(1841): CodeIgniter\Database\BaseConnection->query('INSERT INTO `co...', NULL, false)
#4 F:\xammp\htdocs\ITE311-GALORPOT\system\Database\BaseBuilder.php(2230): CodeIgniter\Database\BaseBuilder->batchExecute('_insertBatch', 100)
#5 F:\xammp\htdocs\ITE311-GALORPOT\app\Database\Seeds\SampleDataSeeder.php(156): CodeIgniter\Database\BaseBuilder->insertBatch(Array)
#6 F:\xammp\htdocs\ITE311-GALORPOT\system\Database\Seeder.php(149): App\Database\Seeds\SampleDataSeeder->run()
#7 F:\xammp\htdocs\ITE311-GALORPOT\system\Commands\Database\Seed.php(79): CodeIgniter\Database\Seeder->call('App\\Database\\Se...')
#8 F:\xammp\htdocs\ITE311-GALORPOT\system\CLI\Commands.php(74): CodeIgniter\Commands\Database\Seed->run(Array)
#9 F:\xammp\htdocs\ITE311-GALORPOT\system\CLI\Console.php(47): CodeIgniter\CLI\Commands->run('db:seed', Array)
#10 F:\xammp\htdocs\ITE311-GALORPOT\system\Boot.php(388): CodeIgniter\CLI\Console->run()
#11 F:\xammp\htdocs\ITE311-GALORPOT\system\Boot.php(133): CodeIgniter\Boot::runCommand(Object(CodeIgniter\CLI\Console))
#12 F:\xammp\htdocs\ITE311-GALORPOT\spark(87): CodeIgniter\Boot::bootSpark(Object(Config\Paths))
#13 {main}
